Determining if the pthread_create exist failed with the following output:
Change Dir: /mnt/c/c++/Lab/1Lab/CMakeFiles/CMakeTmp

Run Build Command:"/usr/bin/make" "cmTC_4e75c/fast"
/usr/bin/make -f CMakeFiles/cmTC_4e75c.dir/build.make CMakeFiles/cmTC_4e75c.dir/build
make[1]: Entering directory '/mnt/c/c++/Lab/1Lab/CMakeFiles/CMakeTmp'
Building C object CMakeFiles/cmTC_4e75c.dir/CheckSymbolExists.c.o
/usr/bin/cc    -o CMakeFiles/cmTC_4e75c.dir/CheckSymbolExists.c.o   -c /mnt/c/c++/Lab/1Lab/CMakeFiles/CMakeTmp/CheckSymbolExists.c
Linking C executable cmTC_4e75c
/usr/bin/cmake -E cmake_link_script CMakeFiles/cmTC_4e75c.dir/link.txt --verbose=1
/usr/bin/cc      -rdynamic CMakeFiles/cmTC_4e75c.dir/CheckSymbolExists.c.o  -o cmTC_4e75c 
CMakeFiles/cmTC_4e75c.dir/CheckSymbolExists.c.o: In function `main':
CheckSymbolExists.c:(.text+0x1b): undefined reference to `pthread_create'
collect2: error: ld returned 1 exit status
CMakeFiles/cmTC_4e75c.dir/build.make:97: recipe for target 'cmTC_4e75c' failed
make[1]: *** [cmTC_4e75c] Error 1
make[1]: Leaving directory '/mnt/c/c++/Lab/1Lab/CMakeFiles/CMakeTmp'
Makefile:126: recipe for target 'cmTC_4e75c/fast' failed
make: *** [cmTC_4e75c/fast] Error 2

File /mnt/c/c++/Lab/1Lab/CMakeFiles/CMakeTmp/CheckSymbolExists.c:
/* */
#include <pthread.h>

int main(int argc, char** argv)
{
  (void)argv;
#ifndef pthread_create
  return ((int*)(&pthread_create))[argc];
#else
  (void)argc;
  return 0;
#endif
}

Determining if the function pthread_create exists in the pthreads failed with the following output:
Change Dir: /mnt/c/c++/Lab/1Lab/CMakeFiles/CMakeTmp

Run Build Command:"/usr/bin/make" "cmTC_a3b02/fast"
/usr/bin/make -f CMakeFiles/cmTC_a3b02.dir/build.make CMakeFiles/cmTC_a3b02.dir/build
make[1]: Entering directory '/mnt/c/c++/Lab/1Lab/CMakeFiles/CMakeTmp'
Building C object CMakeFiles/cmTC_a3b02.dir/CheckFunctionExists.c.o
/usr/bin/cc   -DCHECK_FUNCTION_EXISTS=pthread_create   -o CMakeFiles/cmTC_a3b02.dir/CheckFunctionExists.c.o   -c /usr/share/cmake-3.10/Modules/CheckFunctionExists.c
Linking C executable cmTC_a3b02
/usr/bin/cmake -E cmake_link_script CMakeFiles/cmTC_a3b02.dir/link.txt --verbose=1
/usr/bin/cc  -DCHECK_FUNCTION_EXISTS=pthread_create    -rdynamic CMakeFiles/cmTC_a3b02.dir/CheckFunctionExists.c.o  -o cmTC_a3b02 -lpthreads 
/usr/bin/x86_64-linux-gnu-ld: cannot find -lpthreads
collect2: error: ld returned 1 exit status
CMakeFiles/cmTC_a3b02.dir/build.make:97: recipe for target 'cmTC_a3b02' failed
make[1]: *** [cmTC_a3b02] Error 1
make[1]: Leaving directory '/mnt/c/c++/Lab/1Lab/CMakeFiles/CMakeTmp'
Makefile:126: recipe for target 'cmTC_a3b02/fast' failed
make: *** [cmTC_a3b02/fast] Error 2


