Determining if the pthread_create exist failed with the following output:
Change Dir: /mnt/c/c++/Lab/2Lab/CMakeFiles/CMakeTmp

Run Build Command:"/usr/bin/make" "cmTC_fe707/fast"
/usr/bin/make -f CMakeFiles/cmTC_fe707.dir/build.make CMakeFiles/cmTC_fe707.dir/build
make[1]: Entering directory '/mnt/c/c++/Lab/2Lab/CMakeFiles/CMakeTmp'
Building C object CMakeFiles/cmTC_fe707.dir/CheckSymbolExists.c.o
/usr/bin/cc    -o CMakeFiles/cmTC_fe707.dir/CheckSymbolExists.c.o   -c /mnt/c/c++/Lab/2Lab/CMakeFiles/CMakeTmp/CheckSymbolExists.c
Linking C executable cmTC_fe707
/usr/bin/cmake -E cmake_link_script CMakeFiles/cmTC_fe707.dir/link.txt --verbose=1
/usr/bin/cc      -rdynamic CMakeFiles/cmTC_fe707.dir/CheckSymbolExists.c.o  -o cmTC_fe707 
CMakeFiles/cmTC_fe707.dir/CheckSymbolExists.c.o: In function `main':
CheckSymbolExists.c:(.text+0x1b): undefined reference to `pthread_create'
collect2: error: ld returned 1 exit status
CMakeFiles/cmTC_fe707.dir/build.make:97: recipe for target 'cmTC_fe707' failed
make[1]: *** [cmTC_fe707] Error 1
make[1]: Leaving directory '/mnt/c/c++/Lab/2Lab/CMakeFiles/CMakeTmp'
Makefile:126: recipe for target 'cmTC_fe707/fast' failed
make: *** [cmTC_fe707/fast] Error 2

File /mnt/c/c++/Lab/2Lab/CMakeFiles/CMakeTmp/CheckSymbolExists.c:
/* */
#include <pthread.h>

int main(int argc, char** argv)
{
  (void)argv;
#ifndef pthread_create
  return ((int*)(&pthread_create))[argc];
#else
  (void)argc;
  return 0;
#endif
}

Determining if the function pthread_create exists in the pthreads failed with the following output:
Change Dir: /mnt/c/c++/Lab/2Lab/CMakeFiles/CMakeTmp

Run Build Command:"/usr/bin/make" "cmTC_8123a/fast"
/usr/bin/make -f CMakeFiles/cmTC_8123a.dir/build.make CMakeFiles/cmTC_8123a.dir/build
make[1]: Entering directory '/mnt/c/c++/Lab/2Lab/CMakeFiles/CMakeTmp'
Building C object CMakeFiles/cmTC_8123a.dir/CheckFunctionExists.c.o
/usr/bin/cc   -DCHECK_FUNCTION_EXISTS=pthread_create   -o CMakeFiles/cmTC_8123a.dir/CheckFunctionExists.c.o   -c /usr/share/cmake-3.10/Modules/CheckFunctionExists.c
Linking C executable cmTC_8123a
/usr/bin/cmake -E cmake_link_script CMakeFiles/cmTC_8123a.dir/link.txt --verbose=1
/usr/bin/cc  -DCHECK_FUNCTION_EXISTS=pthread_create    -rdynamic CMakeFiles/cmTC_8123a.dir/CheckFunctionExists.c.o  -o cmTC_8123a -lpthreads 
/usr/bin/x86_64-linux-gnu-ld: cannot find -lpthreads
collect2: error: ld returned 1 exit status
CMakeFiles/cmTC_8123a.dir/build.make:97: recipe for target 'cmTC_8123a' failed
make[1]: *** [cmTC_8123a] Error 1
make[1]: Leaving directory '/mnt/c/c++/Lab/2Lab/CMakeFiles/CMakeTmp'
Makefile:126: recipe for target 'cmTC_8123a/fast' failed
make: *** [cmTC_8123a/fast] Error 2


